<?xml version="1.0" encoding="UTF-8"?>
<testsuite name="com.example.project.ExtraCreditTest" tests="1" skipped="0" failures="0" errors="0" timestamp="2024-09-26T16:20:16" hostname="codespaces-1e59db" time="0.122">
  <properties/>
  <testcase name="testExtraCredit()" classname="com.example.project.ExtraCreditTest" time="0.122"/>
  <system-out><![CDATA[]]></system-out>
  <system-err><![CDATA[]]></system-err>
</testsuite>
